[debug] [2025-07-31T05:15:09.109Z] ----------------------------------------------------------------------
[debug] [2025-07-31T05:15:09.113Z] Command:       C:\Program Files\nodejs\node.exe C:\Users\BAREZ\AppData\Roaming\npm\node_modules\firebase-tools\lib\bin\firebase.js emulators:start --only functions
[debug] [2025-07-31T05:15:09.113Z] CLI Version:   14.11.2
[debug] [2025-07-31T05:15:09.114Z] Platform:      win32
[debug] [2025-07-31T05:15:09.114Z] Node Version:  v20.19.4
[debug] [2025-07-31T05:15:09.114Z] Time:          Thu Jul 31 2025 08:15:09 GMT+0300 (Arabian Standard Time)
[debug] [2025-07-31T05:15:09.114Z] ----------------------------------------------------------------------
[debug] 
[debug] [2025-07-31T05:15:09.457Z] > command requires scopes: ["email","openid","https://www.googleapis.com/auth/cloudplatformprojects.readonly","https://www.googleapis.com/auth/firebase","https://www.googleapis.com/auth/cloud-platform"]
[debug] [2025-07-31T05:15:09.457Z] > authorizing via signed-in user (diween14@gmail.com)
[info] i  emulators: Starting emulators: functions {"metadata":{"emulator":{"name":"hub"},"message":"Starting emulators: functions"}}
[debug] [2025-07-31T05:15:09.476Z] [logging] Logging Emulator only supports listening on one address (127.0.0.1). Not listening on ::1
[debug] [2025-07-31T05:15:09.477Z] assigned listening specs for emulators {"user":{"hub":[{"address":"127.0.0.1","family":"IPv4","port":4400},{"address":"::1","family":"IPv6","port":4400}],"ui":[{"address":"127.0.0.1","family":"IPv4","port":4000},{"address":"::1","family":"IPv6","port":4000}],"logging":[{"address":"127.0.0.1","family":"IPv4","port":4500}]},"metadata":{"message":"assigned listening specs for emulators"}}
[debug] [2025-07-31T05:15:09.481Z] [hub] writing locator at C:\Users\BAREZ\AppData\Local\Temp\hub-calorie-316d8.json
[debug] [2025-07-31T05:15:09.523Z] [functions] Functions Emulator only supports listening on one address (127.0.0.1). Not listening on ::1
[debug] [2025-07-31T05:15:09.524Z] [eventarc] Eventarc Emulator only supports listening on one address (127.0.0.1). Not listening on ::1
[debug] [2025-07-31T05:15:09.524Z] [tasks] Cloud Tasks Emulator only supports listening on one address (127.0.0.1). Not listening on ::1
[debug] [2025-07-31T05:15:09.524Z] late-assigned ports for functions and eventarc emulators {"user":{"hub":[{"address":"127.0.0.1","family":"IPv4","port":4400},{"address":"::1","family":"IPv6","port":4400}],"ui":[{"address":"127.0.0.1","family":"IPv4","port":4000},{"address":"::1","family":"IPv6","port":4000}],"logging":[{"address":"127.0.0.1","family":"IPv4","port":4500}],"functions":[{"address":"127.0.0.1","family":"IPv4","port":5001}],"eventarc":[{"address":"127.0.0.1","family":"IPv4","port":9299}],"tasks":[{"address":"127.0.0.1","family":"IPv4","port":9499}]},"metadata":{"message":"late-assigned ports for functions and eventarc emulators"}}
[warn] !  functions: The following emulators are not running, calls to these services from the Functions emulator will affect production: apphosting, auth, firestore, database, hosting, pubsub, storage, dataconnect {"metadata":{"emulator":{"name":"functions"},"message":"The following emulators are not running, calls to these services from the Functions emulator will affect production: \u001b[1mapphosting, auth, firestore, database, hosting, pubsub, storage, dataconnect\u001b[22m"}}
[debug] [2025-07-31T05:15:09.575Z] defaultcredentials: writing to file C:\Users\BAREZ\AppData\Roaming\firebase\diween14_gmail_com_application_default_credentials.json
[debug] [2025-07-31T05:15:09.588Z] Setting GAC to C:\Users\BAREZ\AppData\Roaming\firebase\diween14_gmail_com_application_default_credentials.json {"metadata":{"emulator":{"name":"functions"},"message":"Setting GAC to C:\\Users\\BAREZ\\AppData\\Roaming\\firebase\\diween14_gmail_com_application_default_credentials.json"}}
[debug] [2025-07-31T05:15:09.590Z] Checked if tokens are valid: true, expires at: 1753941638898
[debug] [2025-07-31T05:15:09.590Z] Checked if tokens are valid: true, expires at: 1753941638898
[debug] [2025-07-31T05:15:09.592Z] >>> [apiv2][query] GET https://firebase.googleapis.com/v1beta1/projects/calorie-316d8/adminSdkConfig [none]
[debug] [2025-07-31T05:15:10.188Z] <<< [apiv2][status] GET https://firebase.googleapis.com/v1beta1/projects/calorie-316d8/adminSdkConfig 200
[debug] [2025-07-31T05:15:10.188Z] <<< [apiv2][body] GET https://firebase.googleapis.com/v1beta1/projects/calorie-316d8/adminSdkConfig {"projectId":"calorie-316d8","storageBucket":"calorie-316d8.firebasestorage.app"}
[info] i  ui: downloading ui-v1.15.0.zip... {"metadata":{"emulator":{"name":"ui"},"message":"downloading ui-v1.15.0.zip..."}}
[debug] [2025-07-31T05:15:10.230Z] >>> [apiv2][query] GET https://storage.googleapis.com/firebase-preview-drop/emulator/ui-v1.15.0.zip 
[debug] [2025-07-31T05:15:10.459Z] <<< [apiv2][status] GET https://storage.googleapis.com/firebase-preview-drop/emulator/ui-v1.15.0.zip 200
[debug] [2025-07-31T05:15:10.459Z] <<< [apiv2][body] GET https://storage.googleapis.com/firebase-preview-drop/emulator/ui-v1.15.0.zip [stream]
[debug] [2025-07-31T05:15:11.756Z] Data is 3538469
[debug] [2025-07-31T05:15:11.756Z] [unzip] Entry: client/ (compressed_size=0 bytes, uncompressed_size=0 bytes)
[debug] [2025-07-31T05:15:11.757Z] [unzip] Processing entry: client\
[debug] [2025-07-31T05:15:11.757Z] [unzip] mkdir: C:\Users\BAREZ\.cache\firebase\emulators\ui-v1.15.0\client\
[debug] [2025-07-31T05:15:11.758Z] [unzip] Entry: client/favicon-16x16.png (compressed_size=293 bytes, uncompressed_size=293 bytes)
[debug] [2025-07-31T05:15:11.758Z] [unzip] Processing entry: client\favicon-16x16.png
[debug] [2025-07-31T05:15:11.758Z] [unzip] else mkdir: C:\Users\BAREZ\.cache\firebase\emulators\ui-v1.15.0\client
[debug] [2025-07-31T05:15:11.759Z] [unzip] Writing file: C:\Users\BAREZ\.cache\firebase\emulators\ui-v1.15.0\client\favicon-16x16.png
[debug] [2025-07-31T05:15:11.764Z] [unzip] Entry: client/safari-pinned-tab.svg (compressed_size=1433 bytes, uncompressed_size=2611 bytes)
[debug] [2025-07-31T05:15:11.766Z] [unzip] Processing entry: client\safari-pinned-tab.svg
[debug] [2025-07-31T05:15:11.767Z] [unzip] else mkdir: C:\Users\BAREZ\.cache\firebase\emulators\ui-v1.15.0\client
[debug] [2025-07-31T05:15:11.769Z] [unzip] deflating: C:\Users\BAREZ\.cache\firebase\emulators\ui-v1.15.0\client\safari-pinned-tab.svg
[debug] [2025-07-31T05:15:11.783Z] [unzip] Entry: client/favicon.ico (compressed_size=2933 bytes, uncompressed_size=13294 bytes)
[debug] [2025-07-31T05:15:11.784Z] [unzip] Processing entry: client\favicon.ico
[debug] [2025-07-31T05:15:11.784Z] [unzip] else mkdir: C:\Users\BAREZ\.cache\firebase\emulators\ui-v1.15.0\client
[debug] [2025-07-31T05:15:11.784Z] [unzip] deflating: C:\Users\BAREZ\.cache\firebase\emulators\ui-v1.15.0\client\favicon.ico
[debug] [2025-07-31T05:15:11.791Z] [unzip] Entry: client/index.html (compressed_size=1364 bytes, uncompressed_size=3071 bytes)
[debug] [2025-07-31T05:15:11.791Z] [unzip] Processing entry: client\index.html
[debug] [2025-07-31T05:15:11.791Z] [unzip] else mkdir: C:\Users\BAREZ\.cache\firebase\emulators\ui-v1.15.0\client
[debug] [2025-07-31T05:15:11.792Z] [unzip] deflating: C:\Users\BAREZ\.cache\firebase\emulators\ui-v1.15.0\client\index.html
[debug] [2025-07-31T05:15:11.800Z] [unzip] Entry: client/android-chrome-192x192.png (compressed_size=2684 bytes, uncompressed_size=2684 bytes)
[debug] [2025-07-31T05:15:11.801Z] [unzip] Processing entry: client\android-chrome-192x192.png
[debug] [2025-07-31T05:15:11.802Z] [unzip] else mkdir: C:\Users\BAREZ\.cache\firebase\emulators\ui-v1.15.0\client
[debug] [2025-07-31T05:15:11.803Z] [unzip] Writing file: C:\Users\BAREZ\.cache\firebase\emulators\ui-v1.15.0\client\android-chrome-192x192.png
[debug] [2025-07-31T05:15:11.805Z] [unzip] Entry: client/apple-touch-icon.png (compressed_size=2123 bytes, uncompressed_size=2152 bytes)
[debug] [2025-07-31T05:15:11.805Z] [unzip] Processing entry: client\apple-touch-icon.png
[debug] [2025-07-31T05:15:11.805Z] [unzip] else mkdir: C:\Users\BAREZ\.cache\firebase\emulators\ui-v1.15.0\client
[debug] [2025-07-31T05:15:11.806Z] [unzip] deflating: C:\Users\BAREZ\.cache\firebase\emulators\ui-v1.15.0\client\apple-touch-icon.png
[debug] [2025-07-31T05:15:11.808Z] [unzip] Entry: client/android-chrome-512x512.png (compressed_size=5369 bytes, uncompressed_size=5411 bytes)
[debug] [2025-07-31T05:15:11.808Z] [unzip] Processing entry: client\android-chrome-512x512.png
[debug] [2025-07-31T05:15:11.808Z] [unzip] else mkdir: C:\Users\BAREZ\.cache\firebase\emulators\ui-v1.15.0\client
[debug] [2025-07-31T05:15:11.809Z] [unzip] deflating: C:\Users\BAREZ\.cache\firebase\emulators\ui-v1.15.0\client\android-chrome-512x512.png
[debug] [2025-07-31T05:15:11.814Z] [unzip] Entry: client/manifest.json (compressed_size=245 bytes, uncompressed_size=551 bytes)
[debug] [2025-07-31T05:15:11.815Z] [unzip] Processing entry: client\manifest.json
[debug] [2025-07-31T05:15:11.815Z] [unzip] else mkdir: C:\Users\BAREZ\.cache\firebase\emulators\ui-v1.15.0\client
[debug] [2025-07-31T05:15:11.817Z] [unzip] deflating: C:\Users\BAREZ\.cache\firebase\emulators\ui-v1.15.0\client\manifest.json
[debug] [2025-07-31T05:15:11.821Z] [unzip] Entry: client/robots.txt (compressed_size=26 bytes, uncompressed_size=26 bytes)
[debug] [2025-07-31T05:15:11.822Z] [unzip] Processing entry: client\robots.txt
[debug] [2025-07-31T05:15:11.822Z] [unzip] else mkdir: C:\Users\BAREZ\.cache\firebase\emulators\ui-v1.15.0\client
[debug] [2025-07-31T05:15:11.822Z] [unzip] Writing file: C:\Users\BAREZ\.cache\firebase\emulators\ui-v1.15.0\client\robots.txt
[debug] [2025-07-31T05:15:11.824Z] [unzip] Entry: client/mstile-150x150.png (compressed_size=2034 bytes, uncompressed_size=2034 bytes)
[debug] [2025-07-31T05:15:11.824Z] [unzip] Processing entry: client\mstile-150x150.png
[debug] [2025-07-31T05:15:11.824Z] [unzip] else mkdir: C:\Users\BAREZ\.cache\firebase\emulators\ui-v1.15.0\client
[debug] [2025-07-31T05:15:11.824Z] [unzip] Writing file: C:\Users\BAREZ\.cache\firebase\emulators\ui-v1.15.0\client\mstile-150x150.png
[debug] [2025-07-31T05:15:11.826Z] [unzip] Entry: client/assets/ (compressed_size=0 bytes, uncompressed_size=0 bytes)
[debug] [2025-07-31T05:15:11.826Z] [unzip] Processing entry: client\assets\
[debug] [2025-07-31T05:15:11.826Z] [unzip] mkdir: C:\Users\BAREZ\.cache\firebase\emulators\ui-v1.15.0\client\assets\
[debug] [2025-07-31T05:15:11.827Z] [unzip] Entry: client/assets/index-BX-A56oj.js (compressed_size=582089 bytes, uncompressed_size=2092775 bytes)
[debug] [2025-07-31T05:15:11.827Z] [unzip] Processing entry: client\assets\index-BX-A56oj.js
[debug] [2025-07-31T05:15:11.827Z] [unzip] else mkdir: C:\Users\BAREZ\.cache\firebase\emulators\ui-v1.15.0\client\assets
[debug] [2025-07-31T05:15:11.828Z] [unzip] deflating: C:\Users\BAREZ\.cache\firebase\emulators\ui-v1.15.0\client\assets\index-BX-A56oj.js
[debug] [2025-07-31T05:15:11.867Z] [unzip] Entry: client/assets/index-CjB9C900.css (compressed_size=35979 bytes, uncompressed_size=298654 bytes)
[debug] [2025-07-31T05:15:11.867Z] [unzip] Processing entry: client\assets\index-CjB9C900.css
[debug] [2025-07-31T05:15:11.867Z] [unzip] else mkdir: C:\Users\BAREZ\.cache\firebase\emulators\ui-v1.15.0\client\assets
[debug] [2025-07-31T05:15:11.868Z] [unzip] deflating: C:\Users\BAREZ\.cache\firebase\emulators\ui-v1.15.0\client\assets\index-CjB9C900.css
[debug] [2025-07-31T05:15:11.878Z] [unzip] Entry: client/assets/index-BX-A56oj.js.map (compressed_size=2362482 bytes, uncompressed_size=10036679 bytes)
[debug] [2025-07-31T05:15:11.879Z] [unzip] Processing entry: client\assets\index-BX-A56oj.js.map
[debug] [2025-07-31T05:15:11.879Z] [unzip] else mkdir: C:\Users\BAREZ\.cache\firebase\emulators\ui-v1.15.0\client\assets
[debug] [2025-07-31T05:15:11.880Z] [unzip] deflating: C:\Users\BAREZ\.cache\firebase\emulators\ui-v1.15.0\client\assets\index-BX-A56oj.js.map
[debug] [2025-07-31T05:15:11.987Z] [unzip] Entry: client/assets/extensions/ (compressed_size=0 bytes, uncompressed_size=0 bytes)
[debug] [2025-07-31T05:15:11.987Z] [unzip] Processing entry: client\assets\extensions\
[debug] [2025-07-31T05:15:11.987Z] [unzip] mkdir: C:\Users\BAREZ\.cache\firebase\emulators\ui-v1.15.0\client\assets\extensions\
[debug] [2025-07-31T05:15:11.988Z] [unzip] Entry: client/assets/extensions/default-extension.png (compressed_size=1646 bytes, uncompressed_size=1657 bytes)
[debug] [2025-07-31T05:15:11.988Z] [unzip] Processing entry: client\assets\extensions\default-extension.png
[debug] [2025-07-31T05:15:11.988Z] [unzip] else mkdir: C:\Users\BAREZ\.cache\firebase\emulators\ui-v1.15.0\client\assets\extensions
[debug] [2025-07-31T05:15:11.989Z] [unzip] deflating: C:\Users\BAREZ\.cache\firebase\emulators\ui-v1.15.0\client\assets\extensions\default-extension.png
[debug] [2025-07-31T05:15:11.991Z] [unzip] Entry: client/assets/img/ (compressed_size=0 bytes, uncompressed_size=0 bytes)
[debug] [2025-07-31T05:15:11.991Z] [unzip] Processing entry: client\assets\img\
[debug] [2025-07-31T05:15:11.991Z] [unzip] mkdir: C:\Users\BAREZ\.cache\firebase\emulators\ui-v1.15.0\client\assets\img\
[debug] [2025-07-31T05:15:11.992Z] [unzip] Entry: client/assets/img/database.png (compressed_size=29449 bytes, uncompressed_size=29988 bytes)
[debug] [2025-07-31T05:15:11.992Z] [unzip] Processing entry: client\assets\img\database.png
[debug] [2025-07-31T05:15:11.992Z] [unzip] else mkdir: C:\Users\BAREZ\.cache\firebase\emulators\ui-v1.15.0\client\assets\img
[debug] [2025-07-31T05:15:11.993Z] [unzip] deflating: C:\Users\BAREZ\.cache\firebase\emulators\ui-v1.15.0\client\assets\img\database.png
[debug] [2025-07-31T05:15:11.995Z] [unzip] Entry: client/assets/provider-icons/ (compressed_size=0 bytes, uncompressed_size=0 bytes)
[debug] [2025-07-31T05:15:11.995Z] [unzip] Processing entry: client\assets\provider-icons\
[debug] [2025-07-31T05:15:11.995Z] [unzip] mkdir: C:\Users\BAREZ\.cache\firebase\emulators\ui-v1.15.0\client\assets\provider-icons\
[debug] [2025-07-31T05:15:11.996Z] [unzip] Entry: client/assets/provider-icons/auth_service_saml.svg (compressed_size=575 bytes, uncompressed_size=1226 bytes)
[debug] [2025-07-31T05:15:11.996Z] [unzip] Processing entry: client\assets\provider-icons\auth_service_saml.svg
[debug] [2025-07-31T05:15:11.996Z] [unzip] else mkdir: C:\Users\BAREZ\.cache\firebase\emulators\ui-v1.15.0\client\assets\provider-icons
[debug] [2025-07-31T05:15:11.997Z] [unzip] deflating: C:\Users\BAREZ\.cache\firebase\emulators\ui-v1.15.0\client\assets\provider-icons\auth_service_saml.svg
[debug] [2025-07-31T05:15:12.000Z] [unzip] Entry: client/assets/provider-icons/auth_service_phone.svg (compressed_size=261 bytes, uncompressed_size=414 bytes)
[debug] [2025-07-31T05:15:12.000Z] [unzip] Processing entry: client\assets\provider-icons\auth_service_phone.svg
[debug] [2025-07-31T05:15:12.000Z] [unzip] else mkdir: C:\Users\BAREZ\.cache\firebase\emulators\ui-v1.15.0\client\assets\provider-icons
[debug] [2025-07-31T05:15:12.001Z] [unzip] deflating: C:\Users\BAREZ\.cache\firebase\emulators\ui-v1.15.0\client\assets\provider-icons\auth_service_phone.svg
[debug] [2025-07-31T05:15:12.003Z] [unzip] Entry: client/assets/provider-icons/auth_service_facebook.svg (compressed_size=289 bytes, uncompressed_size=457 bytes)
[debug] [2025-07-31T05:15:12.003Z] [unzip] Processing entry: client\assets\provider-icons\auth_service_facebook.svg
[debug] [2025-07-31T05:15:12.003Z] [unzip] else mkdir: C:\Users\BAREZ\.cache\firebase\emulators\ui-v1.15.0\client\assets\provider-icons
[debug] [2025-07-31T05:15:12.004Z] [unzip] deflating: C:\Users\BAREZ\.cache\firebase\emulators\ui-v1.15.0\client\assets\provider-icons\auth_service_facebook.svg
[debug] [2025-07-31T05:15:12.007Z] [unzip] Entry: client/assets/provider-icons/auth_service_game_center.svg (compressed_size=991 bytes, uncompressed_size=3921 bytes)
[debug] [2025-07-31T05:15:12.007Z] [unzip] Processing entry: client\assets\provider-icons\auth_service_game_center.svg
[debug] [2025-07-31T05:15:12.007Z] [unzip] else mkdir: C:\Users\BAREZ\.cache\firebase\emulators\ui-v1.15.0\client\assets\provider-icons
[debug] [2025-07-31T05:15:12.008Z] [unzip] deflating: C:\Users\BAREZ\.cache\firebase\emulators\ui-v1.15.0\client\assets\provider-icons\auth_service_game_center.svg
[debug] [2025-07-31T05:15:12.011Z] [unzip] Entry: client/assets/provider-icons/auth_service_apple.svg (compressed_size=230 bytes, uncompressed_size=334 bytes)
[debug] [2025-07-31T05:15:12.011Z] [unzip] Processing entry: client\assets\provider-icons\auth_service_apple.svg
[debug] [2025-07-31T05:15:12.011Z] [unzip] else mkdir: C:\Users\BAREZ\.cache\firebase\emulators\ui-v1.15.0\client\assets\provider-icons
[debug] [2025-07-31T05:15:12.011Z] [unzip] deflating: C:\Users\BAREZ\.cache\firebase\emulators\ui-v1.15.0\client\assets\provider-icons\auth_service_apple.svg
[debug] [2025-07-31T05:15:12.014Z] [unzip] Entry: client/assets/provider-icons/auth_service_github.svg (compressed_size=466 bytes, uncompressed_size=838 bytes)
[debug] [2025-07-31T05:15:12.014Z] [unzip] Processing entry: client\assets\provider-icons\auth_service_github.svg
[debug] [2025-07-31T05:15:12.014Z] [unzip] else mkdir: C:\Users\BAREZ\.cache\firebase\emulators\ui-v1.15.0\client\assets\provider-icons
[debug] [2025-07-31T05:15:12.015Z] [unzip] deflating: C:\Users\BAREZ\.cache\firebase\emulators\ui-v1.15.0\client\assets\provider-icons\auth_service_github.svg
[debug] [2025-07-31T05:15:12.017Z] [unzip] Entry: client/assets/provider-icons/auth_service_mslive.svg (compressed_size=203 bytes, uncompressed_size=378 bytes)
[debug] [2025-07-31T05:15:12.017Z] [unzip] Processing entry: client\assets\provider-icons\auth_service_mslive.svg
[debug] [2025-07-31T05:15:12.017Z] [unzip] else mkdir: C:\Users\BAREZ\.cache\firebase\emulators\ui-v1.15.0\client\assets\provider-icons
[debug] [2025-07-31T05:15:12.018Z] [unzip] deflating: C:\Users\BAREZ\.cache\firebase\emulators\ui-v1.15.0\client\assets\provider-icons\auth_service_mslive.svg
[debug] [2025-07-31T05:15:12.020Z] [unzip] Entry: client/assets/provider-icons/auth_service_yahoo.svg (compressed_size=577 bytes, uncompressed_size=1182 bytes)
[debug] [2025-07-31T05:15:12.020Z] [unzip] Processing entry: client\assets\provider-icons\auth_service_yahoo.svg
[debug] [2025-07-31T05:15:12.020Z] [unzip] else mkdir: C:\Users\BAREZ\.cache\firebase\emulators\ui-v1.15.0\client\assets\provider-icons
[debug] [2025-07-31T05:15:12.021Z] [unzip] deflating: C:\Users\BAREZ\.cache\firebase\emulators\ui-v1.15.0\client\assets\provider-icons\auth_service_yahoo.svg
[debug] [2025-07-31T05:15:12.023Z] [unzip] Entry: client/assets/provider-icons/auth_service_twitter.svg (compressed_size=444 bytes, uncompressed_size=751 bytes)
[debug] [2025-07-31T05:15:12.023Z] [unzip] Processing entry: client\assets\provider-icons\auth_service_twitter.svg
[debug] [2025-07-31T05:15:12.024Z] [unzip] else mkdir: C:\Users\BAREZ\.cache\firebase\emulators\ui-v1.15.0\client\assets\provider-icons
[debug] [2025-07-31T05:15:12.024Z] [unzip] deflating: C:\Users\BAREZ\.cache\firebase\emulators\ui-v1.15.0\client\assets\provider-icons\auth_service_twitter.svg
[debug] [2025-07-31T05:15:12.027Z] [unzip] Entry: client/assets/provider-icons/auth_service_play_games.svg (compressed_size=565 bytes, uncompressed_size=1173 bytes)
[debug] [2025-07-31T05:15:12.027Z] [unzip] Processing entry: client\assets\provider-icons\auth_service_play_games.svg
[debug] [2025-07-31T05:15:12.027Z] [unzip] else mkdir: C:\Users\BAREZ\.cache\firebase\emulators\ui-v1.15.0\client\assets\provider-icons
[debug] [2025-07-31T05:15:12.027Z] [unzip] deflating: C:\Users\BAREZ\.cache\firebase\emulators\ui-v1.15.0\client\assets\provider-icons\auth_service_play_games.svg
[debug] [2025-07-31T05:15:12.030Z] [unzip] Entry: client/assets/provider-icons/auth_service_email.svg (compressed_size=228 bytes, uncompressed_size=326 bytes)
[debug] [2025-07-31T05:15:12.030Z] [unzip] Processing entry: client\assets\provider-icons\auth_service_email.svg
[debug] [2025-07-31T05:15:12.030Z] [unzip] else mkdir: C:\Users\BAREZ\.cache\firebase\emulators\ui-v1.15.0\client\assets\provider-icons
[debug] [2025-07-31T05:15:12.031Z] [unzip] deflating: C:\Users\BAREZ\.cache\firebase\emulators\ui-v1.15.0\client\assets\provider-icons\auth_service_email.svg
[debug] [2025-07-31T05:15:12.033Z] [unzip] Entry: client/assets/provider-icons/auth_service_google.svg (compressed_size=409 bytes, uncompressed_size=720 bytes)
[debug] [2025-07-31T05:15:12.033Z] [unzip] Processing entry: client\assets\provider-icons\auth_service_google.svg
[debug] [2025-07-31T05:15:12.033Z] [unzip] else mkdir: C:\Users\BAREZ\.cache\firebase\emulators\ui-v1.15.0\client\assets\provider-icons
[debug] [2025-07-31T05:15:12.034Z] [unzip] deflating: C:\Users\BAREZ\.cache\firebase\emulators\ui-v1.15.0\client\assets\provider-icons\auth_service_google.svg
[debug] [2025-07-31T05:15:12.036Z] [unzip] Entry: client/assets/provider-icons/auth_service_oidc.svg (compressed_size=414 bytes, uncompressed_size=858 bytes)
[debug] [2025-07-31T05:15:12.036Z] [unzip] Processing entry: client\assets\provider-icons\auth_service_oidc.svg
[debug] [2025-07-31T05:15:12.036Z] [unzip] else mkdir: C:\Users\BAREZ\.cache\firebase\emulators\ui-v1.15.0\client\assets\provider-icons
[debug] [2025-07-31T05:15:12.036Z] [unzip] deflating: C:\Users\BAREZ\.cache\firebase\emulators\ui-v1.15.0\client\assets\provider-icons\auth_service_oidc.svg
[debug] [2025-07-31T05:15:12.038Z] [unzip] Entry: client/browserconfig.xml (compressed_size=491 bytes, uncompressed_size=822 bytes)
[debug] [2025-07-31T05:15:12.039Z] [unzip] Processing entry: client\browserconfig.xml
[debug] [2025-07-31T05:15:12.039Z] [unzip] else mkdir: C:\Users\BAREZ\.cache\firebase\emulators\ui-v1.15.0\client
[debug] [2025-07-31T05:15:12.039Z] [unzip] deflating: C:\Users\BAREZ\.cache\firebase\emulators\ui-v1.15.0\client\browserconfig.xml
[debug] [2025-07-31T05:15:12.041Z] [unzip] Entry: client/favicon-32x32.png (compressed_size=475 bytes, uncompressed_size=475 bytes)
[debug] [2025-07-31T05:15:12.041Z] [unzip] Processing entry: client\favicon-32x32.png
[debug] [2025-07-31T05:15:12.042Z] [unzip] else mkdir: C:\Users\BAREZ\.cache\firebase\emulators\ui-v1.15.0\client
[debug] [2025-07-31T05:15:12.042Z] [unzip] Writing file: C:\Users\BAREZ\.cache\firebase\emulators\ui-v1.15.0\client\favicon-32x32.png
[debug] [2025-07-31T05:15:12.043Z] [unzip] Entry: server/ (compressed_size=0 bytes, uncompressed_size=0 bytes)
[debug] [2025-07-31T05:15:12.044Z] [unzip] Processing entry: server\
[debug] [2025-07-31T05:15:12.044Z] [unzip] mkdir: C:\Users\BAREZ\.cache\firebase\emulators\ui-v1.15.0\server\
[debug] [2025-07-31T05:15:12.044Z] [unzip] Entry: server/server.mjs.map (compressed_size=217845 bytes, uncompressed_size=944978 bytes)
[debug] [2025-07-31T05:15:12.045Z] [unzip] Processing entry: server\server.mjs.map
[debug] [2025-07-31T05:15:12.045Z] [unzip] else mkdir: C:\Users\BAREZ\.cache\firebase\emulators\ui-v1.15.0\server
[debug] [2025-07-31T05:15:12.045Z] [unzip] deflating: C:\Users\BAREZ\.cache\firebase\emulators\ui-v1.15.0\server\server.mjs.map
[debug] [2025-07-31T05:15:12.057Z] [unzip] Entry: server/server.mjs (compressed_size=276407 bytes, uncompressed_size=933701 bytes)
[debug] [2025-07-31T05:15:12.057Z] [unzip] Processing entry: server\server.mjs
[debug] [2025-07-31T05:15:12.058Z] [unzip] else mkdir: C:\Users\BAREZ\.cache\firebase\emulators\ui-v1.15.0\server
[debug] [2025-07-31T05:15:12.058Z] [unzip] deflating: C:\Users\BAREZ\.cache\firebase\emulators\ui-v1.15.0\server\server.mjs
[info] i  functions: Watching "C:\Users\BAREZ\Downloads\project\functions" for Cloud Functions... {"metadata":{"emulator":{"name":"functions"},"message":"Watching \"C:\\Users\\BAREZ\\Downloads\\project\\functions\" for Cloud Functions..."}}
[debug] [2025-07-31T05:15:12.089Z] Validating nodejs source
[debug] [2025-07-31T05:15:14.133Z] > [functions] package.json contents: {
  "name": "functions",
  "scripts": {
    "lint": "eslint --ext .js,.ts .",
    "build": "tsc",
    "build:watch": "tsc --watch",
    "serve": "npm run build && firebase emulators:start --only functions",
    "shell": "npm run build && firebase functions:shell",
    "start": "npm run shell",
    "deploy": "firebase deploy --only functions",
    "logs": "firebase functions:log"
  },
  "engines": {
    "node": "22"
  },
  "main": "lib/index.js",
  "dependencies": {
    "axios": "^1.11.0",
    "firebase-admin": "^12.7.0",
    "firebase-functions": "^6.4.0"
  },
  "devDependencies": {
    "@types/node": "^24.1.0",
    "@typescript-eslint/eslint-plugin": "^5.12.0",
    "@typescript-eslint/parser": "^5.12.0",
    "eslint": "^8.9.0",
    "eslint-config-google": "^0.14.0",
    "eslint-plugin-import": "^2.25.4",
    "firebase-functions-test": "^3.1.0",
    "typescript": "^5.7.3"
  },
  "private": true
}
[debug] [2025-07-31T05:15:14.133Z] Building nodejs source
[debug] [2025-07-31T05:15:14.134Z] Failed to find version of module node: reached end of search path C:\Users\BAREZ\Downloads\project\functions\node_modules
[warn] !  functions: Your requested "node" version "22" doesn't match your global version "20". Using node@20 from host. 
[debug] [2025-07-31T05:15:14.137Z] Could not find functions.yaml. Must use http discovery
[debug] [2025-07-31T05:15:14.147Z] Found firebase-functions binary at 'C:\Users\BAREZ\Downloads\project\functions\node_modules\.bin\firebase-functions'
[info] Serving at port 8675

[debug] [2025-07-31T05:15:16.002Z] Got response from /__/functions.yaml {"endpoints":{"sendVerificationCode":{"availableMemoryMb":null,"timeoutSeconds":null,"minInstances":null,"maxInstances":null,"ingressSettings":null,"concurrency":null,"serviceAccountEmail":null,"vpc":null,"platform":"gcfv2","secretEnvironmentVariables":[{"key":"OTPIQ_API_KEY"}],"labels":{},"httpsTrigger":{},"entryPoint":"sendVerificationCode"},"verifyPhoneCode":{"availableMemoryMb":null,"timeoutSeconds":null,"minInstances":null,"maxInstances":null,"ingressSettings":null,"concurrency":null,"serviceAccountEmail":null,"vpc":null,"platform":"gcfv2","labels":{},"httpsTrigger":{},"entryPoint":"verifyPhoneCode"},"checkPhoneExists":{"availableMemoryMb":null,"timeoutSeconds":null,"minInstances":null,"maxInstances":null,"ingressSettings":null,"concurrency":null,"serviceAccountEmail":null,"vpc":null,"platform":"gcfv2","labels":{},"httpsTrigger":{},"entryPoint":"checkPhoneExists"},"resetPasswordRequest":{"availableMemoryMb":null,"timeoutSeconds":null,"minInstances":null,"maxInstances":null,"ingressSettings":null,"concurrency":null,"serviceAccountEmail":null,"vpc":null,"platform":"gcfv2","secretEnvironmentVariables":[{"key":"OTPIQ_API_KEY"}],"labels":{},"httpsTrigger":{},"entryPoint":"resetPasswordRequest"},"verifyPasswordResetCode":{"availableMemoryMb":null,"timeoutSeconds":null,"minInstances":null,"maxInstances":null,"ingressSettings":null,"concurrency":null,"serviceAccountEmail":null,"vpc":null,"platform":"gcfv2","labels":{},"httpsTrigger":{},"entryPoint":"verifyPasswordResetCode"},"resetPasswordConfirm":{"availableMemoryMb":null,"timeoutSeconds":null,"minInstances":null,"maxInstances":null,"ingressSettings":null,"concurrency":null,"serviceAccountEmail":null,"vpc":null,"platform":"gcfv2","labels":{},"httpsTrigger":{},"entryPoint":"resetPasswordConfirm"},"verifyPasswordResetToken":{"availableMemoryMb":null,"timeoutSeconds":null,"minInstances":null,"maxInstances":null,"ingressSettings":null,"concurrency":null,"serviceAccountEmail":null,"vpc":null,"platform":"gcfv2","labels":{},"httpsTrigger":{},"entryPoint":"verifyPasswordResetToken"}},"specVersion":"v1alpha1","requiredAPIs":[],"extensions":{},"params":[{"type":"secret","name":"OTPIQ_API_KEY"}]}
[info] +  functions: Loaded functions definitions from source: sendVerificationCode, verifyPhoneCode, checkPhoneExists, resetPasswordRequest, verifyPasswordResetCode, resetPasswordConfirm, verifyPasswordResetToken. {"metadata":{"emulator":{"name":"functions"},"message":"Loaded functions definitions from source: sendVerificationCode, verifyPhoneCode, checkPhoneExists, resetPasswordRequest, verifyPasswordResetCode, resetPasswordConfirm, verifyPasswordResetToken."}}
[info] +  functions[us-central1-sendVerificationCode]: http function initialized (http://127.0.0.1:5001/calorie-316d8/us-central1/sendVerificationCode). {"metadata":{"emulator":{"name":"functions"},"message":"\u001b[1mhttp\u001b[22m function initialized (http://127.0.0.1:5001/calorie-316d8/us-central1/sendVerificationCode)."}}
[info] +  functions[us-central1-verifyPhoneCode]: http function initialized (http://127.0.0.1:5001/calorie-316d8/us-central1/verifyPhoneCode). {"metadata":{"emulator":{"name":"functions"},"message":"\u001b[1mhttp\u001b[22m function initialized (http://127.0.0.1:5001/calorie-316d8/us-central1/verifyPhoneCode)."}}
[info] +  functions[us-central1-checkPhoneExists]: http function initialized (http://127.0.0.1:5001/calorie-316d8/us-central1/checkPhoneExists). {"metadata":{"emulator":{"name":"functions"},"message":"\u001b[1mhttp\u001b[22m function initialized (http://127.0.0.1:5001/calorie-316d8/us-central1/checkPhoneExists)."}}
[info] +  functions[us-central1-resetPasswordRequest]: http function initialized (http://127.0.0.1:5001/calorie-316d8/us-central1/resetPasswordRequest). {"metadata":{"emulator":{"name":"functions"},"message":"\u001b[1mhttp\u001b[22m function initialized (http://127.0.0.1:5001/calorie-316d8/us-central1/resetPasswordRequest)."}}
[info] +  functions[us-central1-verifyPasswordResetCode]: http function initialized (http://127.0.0.1:5001/calorie-316d8/us-central1/verifyPasswordResetCode). {"metadata":{"emulator":{"name":"functions"},"message":"\u001b[1mhttp\u001b[22m function initialized (http://127.0.0.1:5001/calorie-316d8/us-central1/verifyPasswordResetCode)."}}
[info] +  functions[us-central1-resetPasswordConfirm]: http function initialized (http://127.0.0.1:5001/calorie-316d8/us-central1/resetPasswordConfirm). {"metadata":{"emulator":{"name":"functions"},"message":"\u001b[1mhttp\u001b[22m function initialized (http://127.0.0.1:5001/calorie-316d8/us-central1/resetPasswordConfirm)."}}
[info] +  functions[us-central1-verifyPasswordResetToken]: http function initialized (http://127.0.0.1:5001/calorie-316d8/us-central1/verifyPasswordResetToken). {"metadata":{"emulator":{"name":"functions"},"message":"\u001b[1mhttp\u001b[22m function initialized (http://127.0.0.1:5001/calorie-316d8/us-central1/verifyPasswordResetToken)."}}
[debug] [2025-07-31T05:15:20.075Z] Could not find VSCode notification endpoint: FetchError: request to http://localhost:40001/vscode/notify failed, reason: . If you are not running the Firebase Data Connect VSCode extension, this is expected and not an issue.
[info] 
┌─────────────────────────────────────────────────────────────┐
│ ✔  All emulators ready! It is now safe to connect your app. │
│ i  View Emulator UI at http://127.0.0.1:4000/               │
└─────────────────────────────────────────────────────────────┘

┌───────────┬────────────────┬─────────────────────────────────┐
│ Emulator  │ Host:Port      │ View in Emulator UI             │
├───────────┼────────────────┼─────────────────────────────────┤
│ Functions │ 127.0.0.1:5001 │ http://127.0.0.1:4000/functions │
└───────────┴────────────────┴─────────────────────────────────┘
  Emulator Hub host: 127.0.0.1 port: 4400
  Other reserved ports: 4500

Issues? Report them at https://github.com/firebase/firebase-tools/issues and attach the *-debug.log files.
 
